0 info it worked if it ends with ok
1 verbose cli [ '/home/ubuntu/.nvm/v0.10.35/bin/node',
1 verbose cli   '/home/ubuntu/.nvm/v0.10.35/bin/npm',
1 verbose cli   'install',
1 verbose cli   'bootstrap' ]
2 info using npm@1.4.28
3 info using node@v0.10.35
4 verbose cache add [ 'bootstrap', null ]
5 verbose cache add name=undefined spec="bootstrap" args=["bootstrap",null]
6 verbose parsed url { protocol: null,
6 verbose parsed url   slashes: null,
6 verbose parsed url   auth: null,
6 verbose parsed url   host: null,
6 verbose parsed url   port: null,
6 verbose parsed url   hostname: null,
6 verbose parsed url   hash: null,
6 verbose parsed url   search: null,
6 verbose parsed url   query: null,
6 verbose parsed url   pathname: 'bootstrap',
6 verbose parsed url   path: 'bootstrap',
6 verbose parsed url   href: 'bootstrap' }
7 silly lockFile 3c71cc99-bootstrap bootstrap
8 verbose lock bootstrap /home/ubuntu/.npm/3c71cc99-bootstrap.lock
9 silly lockFile 3c71cc99-bootstrap bootstrap
10 silly lockFile 3c71cc99-bootstrap bootstrap
11 verbose addNamed [ 'bootstrap', '' ]
12 verbose addNamed [ null, '*' ]
13 silly lockFile 2571d98f-bootstrap bootstrap@
14 verbose lock bootstrap@ /home/ubuntu/.npm/2571d98f-bootstrap.lock
15 silly addNameRange { name: 'bootstrap', range: '*', hasData: false }
16 verbose request where is /bootstrap
17 verbose request registry https://registry.npmjs.org/
18 verbose request id 6b6330dead5c9170
19 verbose url raw /bootstrap
20 verbose url resolving [ 'https://registry.npmjs.org/', './bootstrap' ]
21 verbose url resolved https://registry.npmjs.org/bootstrap
22 verbose request where is https://registry.npmjs.org/bootstrap
23 info trying registry request attempt 1 at 00:48:52
24 http GET https://registry.npmjs.org/bootstrap
25 http 200 https://registry.npmjs.org/bootstrap
26 silly registry.get cb [ 200,
26 silly registry.get   { server: 'CouchDB/1.5.0 (Erlang OTP/R16B03)',
26 silly registry.get     etag: '"DXBLV736PFAZS2YVHT8CZ3RIH"',
26 silly registry.get     'content-type': 'application/json',
26 silly registry.get     'cache-control': 'max-age=60',
26 silly registry.get     'content-length': '26146',
26 silly registry.get     'accept-ranges': 'bytes',
26 silly registry.get     date: 'Sat, 10 Oct 2015 00:48:52 GMT',
26 silly registry.get     via: '1.1 varnish',
26 silly registry.get     age: '0',
26 silly registry.get     connection: 'keep-alive',
26 silly registry.get     'x-served-by': 'cache-ord1723-ORD',
26 silly registry.get     'x-cache': 'HIT',
26 silly registry.get     'x-cache-hits': '1',
26 silly registry.get     'x-timer': 'S1444438132.657078,VS0,VE153',
26 silly registry.get     vary: 'Accept' } ]
27 silly addNameRange number 2 { name: 'bootstrap', range: '*', hasData: true }
28 silly addNameRange versions [ 'bootstrap',
28 silly addNameRange   [ '0.0.1',
28 silly addNameRange     '0.0.2',
28 silly addNameRange     '3.1.1',
28 silly addNameRange     '3.2.0',
28 silly addNameRange     '3.3.0',
28 silly addNameRange     '3.3.1',
28 silly addNameRange     '3.3.2',
28 silly addNameRange     '3.3.4',
28 silly addNameRange     '3.3.5' ] ]
29 verbose addNamed [ 'bootstrap', '3.3.5' ]
30 verbose addNamed [ '3.3.5', '3.3.5' ]
31 silly lockFile 85083644-bootstrap-3-3-5 bootstrap@3.3.5
32 verbose lock bootstrap@3.3.5 /home/ubuntu/.npm/85083644-bootstrap-3-3-5.lock
33 silly lockFile a2df37ae-rg-bootstrap-bootstrap-3-3-5-tgz https://registry.npmjs.org/bootstrap/-/bootstrap-3.3.5.tgz
34 verbose lock https://registry.npmjs.org/bootstrap/-/bootstrap-3.3.5.tgz /home/ubuntu/.npm/a2df37ae-rg-bootstrap-bootstrap-3-3-5-tgz.lock
35 verbose addRemoteTarball [ 'https://registry.npmjs.org/bootstrap/-/bootstrap-3.3.5.tgz',
35 verbose addRemoteTarball   '1777ab79299b128d87dce7cbd86fdc46ac69c0b1' ]
36 info retry fetch attempt 1 at 00:48:52
37 verbose fetch to= /tmp/npm-14610-CR-CjPQJ/registry.npmjs.org/bootstrap/-/bootstrap-3.3.5.tgz
38 http GET https://registry.npmjs.org/bootstrap/-/bootstrap-3.3.5.tgz
39 http 200 https://registry.npmjs.org/bootstrap/-/bootstrap-3.3.5.tgz
40 silly lockFile a2df37ae-rg-bootstrap-bootstrap-3-3-5-tgz https://registry.npmjs.org/bootstrap/-/bootstrap-3.3.5.tgz
41 silly lockFile a2df37ae-rg-bootstrap-bootstrap-3-3-5-tgz https://registry.npmjs.org/bootstrap/-/bootstrap-3.3.5.tgz
42 silly lockFile 85083644-bootstrap-3-3-5 bootstrap@3.3.5
43 silly lockFile 85083644-bootstrap-3-3-5 bootstrap@3.3.5
44 silly lockFile 2571d98f-bootstrap bootstrap@
45 silly lockFile 2571d98f-bootstrap bootstrap@
46 silly resolved [ { name: 'bootstrap',
46 silly resolved     description: 'The most popular front-end framework for developing responsive, mobile first projects on the web.',
46 silly resolved     version: '3.3.5',
46 silly resolved     keywords:
46 silly resolved      [ 'css',
46 silly resolved        'less',
46 silly resolved        'mobile-first',
46 silly resolved        'responsive',
46 silly resolved        'front-end',
46 silly resolved        'framework',
46 silly resolved        'web' ],
46 silly resolved     homepage: 'http://getbootstrap.com',
46 silly resolved     author: { name: 'Twitter, Inc.' },
46 silly resolved     scripts: { test: 'grunt test' },
46 silly resolved     style: 'dist/css/bootstrap.css',
46 silly resolved     less: 'less/bootstrap.less',
46 silly resolved     main: './dist/js/npm',
46 silly resolved     repository: { type: 'git', url: 'https://github.com/twbs/bootstrap.git' },
46 silly resolved     bugs: { url: 'https://github.com/twbs/bootstrap/issues' },
46 silly resolved     license: 'MIT',
46 silly resolved     devDependencies:
46 silly resolved      { btoa: '~1.1.2',
46 silly resolved        glob: '~5.0.5',
46 silly resolved        grunt: '~0.4.5',
46 silly resolved        'grunt-autoprefixer': '~3.0.0',
46 silly resolved        'grunt-contrib-clean': '~0.6.0',
46 silly resolved        'grunt-contrib-compress': '~0.13.0',
46 silly resolved        'grunt-contrib-concat': '~0.5.1',
46 silly resolved        'grunt-contrib-connect': '~0.10.1',
46 silly resolved        'grunt-contrib-copy': '~0.8.0',
46 silly resolved        'grunt-contrib-csslint': '~0.4.0',
46 silly resolved        'grunt-contrib-cssmin': '~0.12.3',
46 silly resolved        'grunt-contrib-htmlmin': '~0.4.0',
46 silly resolved        'grunt-contrib-jade': '~0.14.1',
46 silly resolved        'grunt-contrib-jshint': '~0.11.2',
46 silly resolved        'grunt-contrib-less': '~1.0.1',
46 silly resolved        'grunt-contrib-qunit': '~0.7.0',
46 silly resolved        'grunt-contrib-uglify': '~0.9.1',
46 silly resolved        'grunt-contrib-watch': '~0.6.1',
46 silly resolved        'grunt-csscomb': '~3.0.0',
46 silly resolved        'grunt-exec': '~0.4.6',
46 silly resolved        'grunt-html': '~4.0.3',
46 silly resolved        'grunt-jekyll': '~0.4.2',
46 silly resolved        'grunt-jscs': '~1.8.0',
46 silly resolved        'grunt-saucelabs': '~8.6.1',
46 silly resolved        'grunt-sed': 'twbs/grunt-sed#v0.2.0',
46 silly resolved        'load-grunt-tasks': '~3.2.0',
46 silly resolved        'markdown-it': '^4.2.1',
46 silly resolved        'npm-shrinkwrap': '^200.4.0',
46 silly resolved        'time-grunt': '^1.2.0' },
46 silly resolved     engines: { node: '>=0.10.1' },
46 silly resolved     files:
46 silly resolved      [ 'dist',
46 silly resolved        'fonts',
46 silly resolved        'grunt',
46 silly resolved        'js/*.js',
46 silly resolved        'less/**/*.less',
46 silly resolved        'Gruntfile.js',
46 silly resolved        'LICENSE' ],
46 silly resolved     jspm: { main: 'js/bootstrap', shim: [Object], files: [Object] },
46 silly resolved     gitHead: '16b48259a62f576e52c903c476bd42b90ab22482',
46 silly resolved     _id: 'bootstrap@3.3.5',
46 silly resolved     _shasum: '1777ab79299b128d87dce7cbd86fdc46ac69c0b1',
46 silly resolved     _from: 'bootstrap@',
46 silly resolved     _npmVersion: '1.4.28',
46 silly resolved     _npmUser: { name: 'twbs', email: 'getbootstrap@gmail.com' },
46 silly resolved     maintainers: [ [Object] ],
46 silly resolved     dist:
46 silly resolved      { shasum: '1777ab79299b128d87dce7cbd86fdc46ac69c0b1',
46 silly resolved        tarball: 'http://registry.npmjs.org/bootstrap/-/bootstrap-3.3.5.tgz' },
46 silly resolved     directories: {},
46 silly resolved     _resolved: 'https://registry.npmjs.org/bootstrap/-/bootstrap-3.3.5.tgz' } ]
47 info install bootstrap@3.3.5 into /home/ubuntu/mounts/DLM/wp-content/themes/DLM2015
48 info installOne bootstrap@3.3.5
49 verbose node_modules/bootstrap unbuild
50 verbose tar unpack /home/ubuntu/.npm/bootstrap/3.3.5/package.tgz
51 silly lockFile 037b068b-s-DLM2015-node-modules-bootstrap tar:///home/ubuntu/mounts/DLM/wp-content/themes/DLM2015/node_modules/bootstrap
52 verbose lock tar:///home/ubuntu/mounts/DLM/wp-content/themes/DLM2015/node_modules/bootstrap /home/ubuntu/.npm/037b068b-s-DLM2015-node-modules-bootstrap.lock
53 silly lockFile 7c215a51--npm-bootstrap-3-3-5-package-tgz tar:///home/ubuntu/.npm/bootstrap/3.3.5/package.tgz
54 verbose lock tar:///home/ubuntu/.npm/bootstrap/3.3.5/package.tgz /home/ubuntu/.npm/7c215a51--npm-bootstrap-3-3-5-package-tgz.lock
55 silly gunzTarPerm modes [ '755', '644' ]
56 silly gunzTarPerm extractEntry package.json
57 silly gunzTarPerm modified mode [ 'package.json', 438, 420 ]
58 silly gunzTarPerm extractEntry README.md
59 silly gunzTarPerm modified mode [ 'README.md', 438, 420 ]
60 silly gunzTarPerm extractEntry LICENSE
61 silly gunzTarPerm modified mode [ 'LICENSE', 438, 420 ]
62 error Error: EACCES, chown '/home/ubuntu/mounts/DLM/wp-content/themes/DLM2015/node_modules/bootstrap/package.json'
62 error  { [Error: EACCES, chown '/home/ubuntu/mounts/DLM/wp-content/themes/DLM2015/node_modules/bootstrap/package.json']
62 error   errno: 3,
62 error   code: 'EACCES',
62 error   path: '/home/ubuntu/mounts/DLM/wp-content/themes/DLM2015/node_modules/bootstrap/package.json',
62 error   fstream_finish_call: 'chown',
62 error   fstream_type: 'File',
62 error   fstream_path: '/home/ubuntu/mounts/DLM/wp-content/themes/DLM2015/node_modules/bootstrap/package.json',
62 error   fstream_class: 'FileWriter',
62 error   fstream_stack:
62 error    [ '/home/ubuntu/.nvm/v0.10.35/lib/node_modules/npm/node_modules/fstream/lib/writer.js:308:19',
62 error      '/home/ubuntu/.nvm/v0.10.35/lib/node_modules/npm/node_modules/graceful-fs/polyfills.js:143:7',
62 error      'Object.oncomplete (evalmachine.<anonymous>:108:15)' ] }
63 error Please try running this command again as root/Administrator.
64 error System Linux 3.14.13-c9
65 error command "/home/ubuntu/.nvm/v0.10.35/bin/node" "/home/ubuntu/.nvm/v0.10.35/bin/npm" "install" "bootstrap"
66 error cwd /home/ubuntu/mounts/DLM/wp-content/themes/DLM2015
67 error node -v v0.10.35
68 error npm -v 1.4.28
69 error path /home/ubuntu/mounts/DLM/wp-content/themes/DLM2015/node_modules/bootstrap/package.json
70 error fstream_path /home/ubuntu/mounts/DLM/wp-content/themes/DLM2015/node_modules/bootstrap/package.json
71 error fstream_type File
72 error fstream_class FileWriter
73 error fstream_finish_call chown
74 error code EACCES
75 error errno 3
76 error stack Error: EACCES, chown '/home/ubuntu/mounts/DLM/wp-content/themes/DLM2015/node_modules/bootstrap/package.json'
77 error fstream_stack /home/ubuntu/.nvm/v0.10.35/lib/node_modules/npm/node_modules/fstream/lib/writer.js:308:19
77 error fstream_stack /home/ubuntu/.nvm/v0.10.35/lib/node_modules/npm/node_modules/graceful-fs/polyfills.js:143:7
77 error fstream_stack Object.oncomplete (evalmachine.<anonymous>:108:15)
78 verbose exit [ 3, true ]
